<?xml version="1.0" encoding="UTF-8" ?>
<testsuite tests="9" failures="0" name="cucumberTest.TestRunner" time="4.379" errors="0" skipped="4">
  <properties>
    <property name="java.runtime.name" value="Java(TM) SE Runtime Environment"/>
    <property name="sun.boot.library.path" value="C:\Java\jdk1.8_121\jre\bin"/>
    <property name="java.vm.version" value="25.121-b13"/>
    <property name="java.vm.vendor" value="Oracle Corporation"/>
    <property name="maven.multiModuleProjectDirectory" value="C:\Users\arlene.lehakra\IdeaProjects\automation_academy_api_project"/>
    <property name="java.vendor.url" value="http://java.oracle.com/"/>
    <property name="path.separator" value=";"/>
    <property name="guice.disable.misplaced.annotation.check" value="true"/>
    <property name="java.vm.name" value="Java HotSpot(TM) 64-Bit Server VM"/>
    <property name="file.encoding.pkg" value="sun.io"/>
    <property name="user.script" value=""/>
    <property name="user.country" value="US"/>
    <property name="sun.java.launcher" value="SUN_STANDARD"/>
    <property name="sun.os.patch.level" value=""/>
    <property name="java.vm.specification.name" value="Java Virtual Machine Specification"/>
    <property name="user.dir" value="C:\Users\arlene.lehakra\IdeaProjects\automation_academy_api_project"/>
    <property name="java.runtime.version" value="1.8.0_121-b13"/>
    <property name="java.awt.graphicsenv" value="sun.awt.Win32GraphicsEnvironment"/>
    <property name="java.endorsed.dirs" value="C:\Java\jdk1.8_121\jre\lib\endorsed"/>
    <property name="os.arch" value="amd64"/>
    <property name="java.io.tmpdir" value="C:\Users\ARLENE~1.LEH\AppData\Local\Temp\"/>
    <property name="line.separator" value="
"/>
    <property name="java.vm.specification.vendor" value="Oracle Corporation"/>
    <property name="user.variant" value=""/>
    <property name="os.name" value="Windows 10"/>
    <property name="classworlds.conf" value="C:\mvn\bin\m2.conf"/>
    <property name="sun.jnu.encoding" value="Cp1252"/>
    <property name="java.library.path" value="C:\Java\jdk1.8_121\bin;C:\WINDOWS\Sun\Java\bin;C:\WINDOWS\system32;C:\WINDOWS;C:\Program Files (x86)\TRICENTIS\Tosca Testsuite;C:\Tosca_Projects;C:\Program Files (x86)\TRICENTIS\Tosca Testsuite\dll;C:\Program Files (x86)\TRICENTIS\Tosca Testsuite\dll\GuptaEngine;C:\Program Files (x86)\TRICENTIS\Tosca Testsuite\;C:\Program Files (x86)\TRICENTIS\Tosca Testsuite\dll\DelphiEngine;C:\Program Files (x86)\TRICENTIS\Tosca Testsuite\dll\PBEngine;C:\Program Files (x86)\TRICENTIS\Tosca Testsuite\dll\VBEngine;C:\Program Files (x86)\TRICENTIS\Tosca Testsuite\dll\DotNetHooking;;C:\Program Files (x86)\TRICENTIS\Tosca Testsuite\Resources\Mobile\Tools;C:\ProgramData\Oracle\Java\javapath;C:\WINDOWS\system32;C:\WINDOWS;C:\WINDOWS\System32\Wbem;C:\WINDOWS\System32\WindowsPowerShell\v1.0\;C:\Program Files\Intel\WiFi\bin\;C:\Program Files\Common Files\Intel\WirelessCommon\;C:\Program Files (x86)\Skype\Phone\;C:\Program Files\OpenVPN\bin;C:\Java\jdk1.8_121\\bin;C:\geckodriver;C:\ant\bin;C:\MVN\BIN;;C:\WINDOWS\System32\WindowsPowerShell\v1.0\;C:\windows\system32;C:\windows;C:\windows\System32\Wbem;C:\windows\System32\WindowsPowerShell\v1.0\;C:\Program Files\Intel\WiFi\bin\;C:\Program Files\Common Files\Intel\WirelessCommon\;C:\Program Files (x86)\Skype\Phone\;C:\Program Files\OpenVPN\bin;C:\Users\arlene.lehakra\AppData\Local\atom\bin;C:\Java\jdk1.8_121\\bin;C:\geckodriver;C:\ant\bin;C:\mvn\bin;C:\Users\arlene.lehakra\AppData\Local\Programs\Git\cmd;."/>
    <property name="java.specification.name" value="Java Platform API Specification"/>
    <property name="java.class.version" value="52.0"/>
    <property name="sun.management.compiler" value="HotSpot 64-Bit Tiered Compilers"/>
    <property name="os.version" value="10.0"/>
    <property name="user.home" value="C:\Users\arlene.lehakra"/>
    <property name="user.timezone" value="Europe/London"/>
    <property name="java.awt.printerjob" value="sun.awt.windows.WPrinterJob"/>
    <property name="java.specification.version" value="1.8"/>
    <property name="file.encoding" value="Cp1252"/>
    <property name="user.name" value="arlene.lehakra"/>
    <property name="java.class.path" value="C:\mvn\boot\plexus-classworlds-2.5.2.jar"/>
    <property name="java.vm.specification.version" value="1.8"/>
    <property name="sun.arch.data.model" value="64"/>
    <property name="java.home" value="C:\Java\jdk1.8_121\jre"/>
    <property name="sun.java.command" value="org.codehaus.plexus.classworlds.launcher.Launcher clean verify"/>
    <property name="java.specification.vendor" value="Oracle Corporation"/>
    <property name="user.language" value="en"/>
    <property name="awt.toolkit" value="sun.awt.windows.WToolkit"/>
    <property name="java.vm.info" value="mixed mode"/>
    <property name="java.version" value="1.8.0_121"/>
    <property name="java.ext.dirs" value="C:\Java\jdk1.8_121\jre\lib\ext;C:\WINDOWS\Sun\Java\lib\ext"/>
    <property name="sun.boot.class.path" value="C:\Java\jdk1.8_121\jre\lib\resources.jar;C:\Java\jdk1.8_121\jre\lib\rt.jar;C:\Java\jdk1.8_121\jre\lib\sunrsasign.jar;C:\Java\jdk1.8_121\jre\lib\jsse.jar;C:\Java\jdk1.8_121\jre\lib\jce.jar;C:\Java\jdk1.8_121\jre\lib\charsets.jar;C:\Java\jdk1.8_121\jre\lib\jfr.jar;C:\Java\jdk1.8_121\jre\classes"/>
    <property name="sun.stderr.encoding" value="cp850"/>
    <property name="java.vendor" value="Oracle Corporation"/>
    <property name="maven.home" value="C:\mvn"/>
    <property name="file.separator" value="\"/>
    <property name="java.vendor.url.bug" value="http://bugreport.sun.com/bugreport/"/>
    <property name="sun.cpu.endian" value="little"/>
    <property name="sun.io.unicode.encoding" value="UnicodeLittle"/>
    <property name="sun.stdout.encoding" value="cp850"/>
    <property name="sun.desktop" value="windows"/>
    <property name="sun.cpu.isalist" value="amd64"/>
  </properties>
  <testcase classname="| Edinburgh,UK | Glasgow,UK | imperial |" name="Given that I want to find the distance between Edinburgh,UK and Glasgow,UK in imperial" time="0.007"/>
  <testcase classname="| Edinburgh,UK | Glasgow,UK | imperial |" name="When I send valid request to Distance Matrix API" time="0.001"/>
  <testcase classname="| Edinburgh,UK | Glasgow,UK | imperial |" name="Then the status is &apos;OK&apos;" time="0"/>
  <testcase classname="| Edinburgh,UK | Glasgow,UK | imperial |" name="| Edinburgh,UK | Glasgow,UK | imperial |" time="4.143"/>
  <testcase classname="Scenario: API Test 02: Find the time taken to travel between two places in England and verify if the status is OK" name="Given that I want to find the &apos;bicycling&apos; time between &apos;origin&apos; and &apos;destination&apos;" time="0.007">
    <skipped/>
  </testcase>
  <testcase classname="Scenario: API Test 02: Find the time taken to travel between two places in England and verify if the status is OK" name="When I send valid request to Distance Matrix API" time="0.009">
    <skipped/>
  </testcase>
  <testcase classname="Scenario: API Test 02: Find the time taken to travel between two places in England and verify if the status is OK" name="Then the status is &apos;OK&apos;" time="0.01">
    <skipped/>
  </testcase>
  <testcase classname="Scenario: API Test 02: Find the time taken to travel between two places in England and verify if the status is OK" name="Scenario: API Test 02: Find the time taken to travel between two places in England and verify if the status is OK" time="0.101">
    <skipped/>
  </testcase>
  <testcase classname="Scenario: API Test 02: Find the time taken to travel between two places in England and verify if the status is OK" name="Scenario: API Test 02: Find the time taken to travel between two places in England and verify if the status is OK" time="0.101"/>
</testsuite>